<?xml version="1.0" encoding="UTF-8"?>
<testng-results skipped="0" failed="0" ignored="0" total="2" passed="2">
  <reporter-output>
  </reporter-output>
  <suite name="Suite" duration-ms="26206" started-at="2021-03-04T22:13:35 IST" finished-at="2021-03-04T22:14:01 IST">
    <groups>
    </groups>
    <test name="Test1" duration-ms="21057" started-at="2021-03-04T22:13:35 IST" finished-at="2021-03-04T22:13:56 IST">
      <class name="oraclecorp.Test1">
        <test-method status="PASS" signature="method1()[pri:0, instance:oraclecorp.Test1@7e2d773b]" name="method1" duration-ms="20997" started-at="2021-03-04T22:13:35 IST" finished-at="2021-03-04T22:13:56 IST">
          <reporter-output>
          </reporter-output>
        </test-method> <!-- method1 -->
      </class> <!-- oraclecorp.Test1 -->
    </test> <!-- Test1 -->
    <test name="Test2" duration-ms="26206" started-at="2021-03-04T22:13:35 IST" finished-at="2021-03-04T22:14:01 IST">
      <class name="oraclecorp.Test2">
        <test-method status="PASS" signature="method1()[pri:0, instance:oraclecorp.Test2@25af5db5]" name="method1" duration-ms="26151" started-at="2021-03-04T22:13:35 IST" finished-at="2021-03-04T22:14:01 IST">
          <reporter-output>
          </reporter-output>
        </test-method> <!-- method1 -->
      </class> <!-- oraclecorp.Test2 -->
    </test> <!-- Test2 -->
  </suite> <!-- Suite -->
</testng-results>
